Using pre-set license
Built from '2020.3/staging' branch; Version is '2020.3.11f1 (99c7afb366b3) revision 10078127'; Using compiler version '192528614'; Build Type 'Release'
OS: 'Windows 10 Home; OS build 19043.1165; Version 2009; 64bit' Language: 'en' Physical Memory: 16234 MB
BatchMode: 1, IsHumanControllingUs: 0, StartBugReporterOnCrash: 0, Is64bit: 1, IsPro: 0

 COMMAND LINE ARGUMENTS:
C:\Program Files\Unity\Hub\Editor\2020.3.11f1\Editor\Unity.exe
-adb2
-batchMode
-noUpm
-name
AssetImportWorker0
-projectPath
C:/Users/anipa/Documents/Unity Projects/2DShooter
-logFile
Logs/AssetImportWorker0.log
-srvPort
1049
Successfully changed project path to: C:/Users/anipa/Documents/Unity Projects/2DShooter
C:/Users/anipa/Documents/Unity Projects/2DShooter
Using Asset Import Pipeline V2.
Refreshing native plugins compatible for Editor in 46.57 ms, found 3 plugins.
Preloading 0 native plugins for Editor in 0.00 ms.
Initialize engine version: 2020.3.11f1 (99c7afb366b3)
[Subsystems] Discovering subsystems at path C:/Program Files/Unity/Hub/Editor/2020.3.11f1/Editor/Data/Resources/UnitySubsystems
[Subsystems] Discovering subsystems at path C:/Users/anipa/Documents/Unity Projects/2DShooter/Assets
GfxDevice: creating device client; threaded=0
Direct3D:
    Version:  Direct3D 11.0 [level 11.1]
    Renderer: NVIDIA GeForce GTX 1650 (ID=0x1f91)
    Vendor:   
    VRAM:     3962 MB
    Driver:   27.21.14.6089
Initialize mono
Mono path[0] = 'C:/Program Files/Unity/Hub/Editor/2020.3.11f1/Editor/Data/Managed'
Mono path[1] = 'C:/Program Files/Unity/Hub/Editor/2020.3.11f1/Editor/Data/MonoBleedingEdge/lib/mono/unityjit'
Mono config path = 'C:/Program Files/Unity/Hub/Editor/2020.3.11f1/Editor/Data/MonoBleedingEdge/etc'
Using monoOptions --debugger-agent=transport=dt_socket,embedding=1,server=y,suspend=n,address=127.0.0.1:56812
Begin MonoManager ReloadAssembly
Registering precompiled unity dll's ...
Register platform support module: C:/Program Files/Unity/Hub/Editor/2020.3.11f1/Editor/Data/PlaybackEngines/WebGLSupport/UnityEditor.WebGL.Extensions.dll
Register platform support module: C:/Program Files/Unity/Hub/Editor/2020.3.11f1/Editor/Data/PlaybackEngines/MacStandaloneSupport/UnityEditor.OSXStandalone.Extensions.dll
Register platform support module: C:/Program Files/Unity/Hub/Editor/2020.3.11f1/Editor/Data/PlaybackEngines/WindowsStandaloneSupport/UnityEditor.WindowsStandalone.Extensions.dll
Registered in 0.002967 seconds.
Native extension for WindowsStandalone target not found
Native extension for OSXStandalone target not found
Native extension for WebGL target not found
Refreshing native plugins compatible for Editor in 62.34 ms, found 3 plugins.
Preloading 0 native plugins for Editor in 0.00 ms.
Mono: successfully reloaded assembly
- Completed reload, in  1.475 seconds
Platform modules already initialized, skipping
Registering precompiled user dll's ...
Registered in 0.005165 seconds.
Begin MonoManager ReloadAssembly
Native extension for WindowsStandalone target not found
Native extension for OSXStandalone target not found
Native extension for WebGL target not found
Refreshing native plugins compatible for Editor in 69.58 ms, found 3 plugins.
Preloading 0 native plugins for Editor in 0.00 ms.
Mono: successfully reloaded assembly
- Completed reload, in  1.418 seconds
Platform modules already initialized, skipping
========================================================================
Worker process is ready to serve import requests
Launched and connected shader compiler UnityShaderCompiler.exe after 0.07 seconds
Refreshing native plugins compatible for Editor in 0.78 ms, found 3 plugins.
Preloading 0 native plugins for Editor in 0.00 ms.
Unloading 2399 Unused Serialized files (Serialized files now loaded: 0)
System memory in use before: 104.1 MB.
System memory in use after: 104.2 MB.

Unloading 34 unused Assets to reduce memory usage. Loaded Objects now: 2838.
Total: 3.819000 ms (FindLiveObjects: 0.243400 ms CreateObjectMapping: 0.124600 ms MarkObjects: 3.297100 ms  DeleteObjects: 0.152700 ms)

========================================================================
Received Import Request.
  path: Assets/Scripts/UI/HighScoreDisplay.cs
  artifactKey: Guid(365b252fbaf5d9e47a7e7e2f74042a98) Importer(815301076,1909f56bfc062723c751e8b465ee728b)
Start importing Assets/Scripts/UI/HighScoreDisplay.cs using Guid(365b252fbaf5d9e47a7e7e2f74042a98) Importer(815301076,1909f56bfc062723c751e8b465ee728b)  -> (artifact id: '4b3b1f68c5a9a7ee7d1dc82d769b66d7') in 0.017157 seconds
  Import took 0.021927 seconds .

========================================================================
Received Prepare
Refreshing native plugins compatible for Editor in 4.16 ms, found 3 plugins.
Preloading 0 native plugins for Editor in 0.00 ms.
Unloading 18 Unused Serialized files (Serialized files now loaded: 0)
System memory in use before: 56.9 MB.
System memory in use after: 57.0 MB.

Unloading 18 unused Assets to reduce memory usage. Loaded Objects now: 2838.
Total: 2.165700 ms (FindLiveObjects: 0.208800 ms CreateObjectMapping: 0.111200 ms MarkObjects: 1.778300 ms  DeleteObjects: 0.066500 ms)

========================================================================
Received Import Request.
  Time since last request: 14.454106 seconds.
  path: Assets/Scripts/UI/HighScoreDisplay.cs
  artifactKey: Guid(365b252fbaf5d9e47a7e7e2f74042a98) Importer(815301076,1909f56bfc062723c751e8b465ee728b)
Start importing Assets/Scripts/UI/HighScoreDisplay.cs using Guid(365b252fbaf5d9e47a7e7e2f74042a98) Importer(815301076,1909f56bfc062723c751e8b465ee728b)  -> (artifact id: 'ec6a650c28f3634e4fe7471a5c3d3c19') in 0.001559 seconds
  Import took 0.004266 seconds .

========================================================================
Received Prepare
Registering precompiled user dll's ...
Registered in 0.004059 seconds.
Begin MonoManager ReloadAssembly
Native extension for WindowsStandalone target not found
Native extension for OSXStandalone target not found
Native extension for WebGL target not found
Refreshing native plugins compatible for Editor in 0.44 ms, found 3 plugins.
Preloading 0 native plugins for Editor in 0.00 ms.
Mono: successfully reloaded assembly
- Completed reload, in  0.960 seconds
Platform modules already initialized, skipping
Refreshing native plugins compatible for Editor in 0.58 ms, found 3 plugins.
Preloading 0 native plugins for Editor in 0.00 ms.
Unloading 2393 Unused Serialized files (Serialized files now loaded: 0)
System memory in use before: 104.2 MB.
System memory in use after: 104.4 MB.

Unloading 20 unused Assets to reduce memory usage. Loaded Objects now: 2842.
Total: 2.327300 ms (FindLiveObjects: 0.205700 ms CreateObjectMapping: 0.075000 ms MarkObjects: 1.977300 ms  DeleteObjects: 0.068500 ms)

========================================================================
Received Prepare
Registering precompiled user dll's ...
Registered in 0.006301 seconds.
Begin MonoManager ReloadAssembly
Native extension for WindowsStandalone target not found
Native extension for OSXStandalone target not found
Native extension for WebGL target not found
Refreshing native plugins compatible for Editor in 0.47 ms, found 3 plugins.
Preloading 0 native plugins for Editor in 0.00 ms.
Mono: successfully reloaded assembly
- Completed reload, in  0.965 seconds
Platform modules already initialized, skipping
Refreshing native plugins compatible for Editor in 0.48 ms, found 3 plugins.
Preloading 0 native plugins for Editor in 0.00 ms.
Unloading 2393 Unused Serialized files (Serialized files now loaded: 0)
System memory in use before: 104.3 MB.
System memory in use after: 104.4 MB.

Unloading 20 unused Assets to reduce memory usage. Loaded Objects now: 2846.
Total: 2.634700 ms (FindLiveObjects: 0.212100 ms CreateObjectMapping: 0.089800 ms MarkObjects: 2.259300 ms  DeleteObjects: 0.072800 ms)

========================================================================
Received Import Request.
  Time since last request: 144.550074 seconds.
  path: Assets/Art/UI Elements/Backdrop/Header 1.png
  artifactKey: Guid(01128eb81cfe8324cb0355f21bcd50e6) Importer(815301076,1909f56bfc062723c751e8b465ee728b)
Start importing Assets/Art/UI Elements/Backdrop/Header 1.png using Guid(01128eb81cfe8324cb0355f21bcd50e6) Importer(815301076,1909f56bfc062723c751e8b465ee728b)  -> (artifact id: '962e29cd295b162af8d0ede68e2e7562') in 0.076819 seconds
  Import took 0.080527 seconds .

========================================================================
Received Import Request.
  Time since last request: 7.726977 seconds.
  path: Assets/Art/UI Elements/Backdrop/Win.png
  artifactKey: Guid(01128eb81cfe8324cb0355f21bcd50e6) Importer(815301076,1909f56bfc062723c751e8b465ee728b)
Start importing Assets/Art/UI Elements/Backdrop/Win.png using Guid(01128eb81cfe8324cb0355f21bcd50e6) Importer(815301076,1909f56bfc062723c751e8b465ee728b)  -> (artifact id: '2add62743be4d2a837f7a0f29fc8fd0c') in 0.008510 seconds
  Import took 0.011817 seconds .

========================================================================
Received Import Request.
  Time since last request: 276.675612 seconds.
  path: ProjectSettings/TagManager.asset
  artifactKey: Guid(00000000000000003000000000000000) Importer(815301076,1909f56bfc062723c751e8b465ee728b)
Start importing ProjectSettings/TagManager.asset using Guid(00000000000000003000000000000000) Importer(815301076,1909f56bfc062723c751e8b465ee728b)  -> (artifact id: 'a123695da7d65065ac663afcf66eeaef') in 0.005566 seconds
  Import took 0.010553 seconds .

========================================================================
Received Import Request.
  Time since last request: 0.004434 seconds.
  path: ProjectSettings/TagManager.asset
  artifactKey: Guid(00000000000000003000000000000000) Importer(815301076,1909f56bfc062723c751e8b465ee728b)
Start importing ProjectSettings/TagManager.asset using Guid(00000000000000003000000000000000) Importer(815301076,1909f56bfc062723c751e8b465ee728b)  -> (artifact id: 'a123695da7d65065ac663afcf66eeaef') in 0.002487 seconds
  Import took 0.006194 seconds .

========================================================================
Received Prepare
Registering precompiled user dll's ...
Registered in 0.004371 seconds.
Begin MonoManager ReloadAssembly
Native extension for WindowsStandalone target not found
Native extension for OSXStandalone target not found
Native extension for WebGL target not found
Refreshing native plugins compatible for Editor in 0.48 ms, found 3 plugins.
Preloading 0 native plugins for Editor in 0.00 ms.
Mono: successfully reloaded assembly
- Completed reload, in  1.005 seconds
Platform modules already initialized, skipping
Refreshing native plugins compatible for Editor in 0.55 ms, found 3 plugins.
Preloading 0 native plugins for Editor in 0.00 ms.
Unloading 2393 Unused Serialized files (Serialized files now loaded: 0)
System memory in use before: 107.3 MB.
System memory in use after: 107.4 MB.

Unloading 22 unused Assets to reduce memory usage. Loaded Objects now: 2856.
Total: 2.282800 ms (FindLiveObjects: 0.206700 ms CreateObjectMapping: 0.082500 ms MarkObjects: 1.920300 ms  DeleteObjects: 0.072600 ms)

========================================================================
Received Import Request.
  Time since last request: 1499.507786 seconds.
  path: Assets/Scenes/MainMenu.unity
  artifactKey: Guid(dd02d7d703a373a4984b09641745c873) Importer(815301076,1909f56bfc062723c751e8b465ee728b)
Start importing Assets/Scenes/MainMenu.unity using Guid(dd02d7d703a373a4984b09641745c873) Importer(815301076,1909f56bfc062723c751e8b465ee728b)  -> (artifact id: '0f75287376e12bd6ae4d9eba7e9058aa') in 0.009876 seconds
  Import took 0.013207 seconds .

========================================================================
Received Import Request.
  Time since last request: 10.388405 seconds.
  path: Assets/Scenes/Level1.unity
  artifactKey: Guid(708b90c9fce446d42a8bc2e3be429585) Importer(815301076,1909f56bfc062723c751e8b465ee728b)
Start importing Assets/Scenes/Level1.unity using Guid(708b90c9fce446d42a8bc2e3be429585) Importer(815301076,1909f56bfc062723c751e8b465ee728b)  -> (artifact id: '0348def014e512c0025cf61d83af4260') in 0.002356 seconds
  Import took 0.006010 seconds .

========================================================================
Received Prepare
Registering precompiled user dll's ...
Registered in 0.004537 seconds.
Begin MonoManager ReloadAssembly
Native extension for WindowsStandalone target not found
Native extension for OSXStandalone target not found
Native extension for WebGL target not found
Refreshing native plugins compatible for Editor in 0.49 ms, found 3 plugins.
Preloading 0 native plugins for Editor in 0.00 ms.
Mono: successfully reloaded assembly
- Completed reload, in  0.970 seconds
Platform modules already initialized, skipping
Refreshing native plugins compatible for Editor in 0.47 ms, found 3 plugins.
Preloading 0 native plugins for Editor in 0.00 ms.
Unloading 2393 Unused Serialized files (Serialized files now loaded: 0)
System memory in use before: 107.4 MB.
System memory in use after: 107.5 MB.

Unloading 20 unused Assets to reduce memory usage. Loaded Objects now: 2860.
Total: 2.733400 ms (FindLiveObjects: 0.224000 ms CreateObjectMapping: 0.088500 ms MarkObjects: 2.341200 ms  DeleteObjects: 0.078900 ms)

========================================================================
Received Prepare
Registering precompiled user dll's ...
Registered in 0.004081 seconds.
Begin MonoManager ReloadAssembly
Native extension for WindowsStandalone target not found
Native extension for OSXStandalone target not found
Native extension for WebGL target not found
Refreshing native plugins compatible for Editor in 0.45 ms, found 3 plugins.
Preloading 0 native plugins for Editor in 0.00 ms.
Mono: successfully reloaded assembly
- Completed reload, in  0.931 seconds
Platform modules already initialized, skipping
Refreshing native plugins compatible for Editor in 0.47 ms, found 3 plugins.
Preloading 0 native plugins for Editor in 0.00 ms.
Unloading 2393 Unused Serialized files (Serialized files now loaded: 0)
System memory in use before: 107.3 MB.
System memory in use after: 107.4 MB.

Unloading 20 unused Assets to reduce memory usage. Loaded Objects now: 2864.
Total: 2.408700 ms (FindLiveObjects: 0.201100 ms CreateObjectMapping: 0.080700 ms MarkObjects: 2.055100 ms  DeleteObjects: 0.071200 ms)

========================================================================
Received Prepare
Registering precompiled user dll's ...
Registered in 0.004134 seconds.
Begin MonoManager ReloadAssembly
Native extension for WindowsStandalone target not found
Native extension for OSXStandalone target not found
Native extension for WebGL target not found
Refreshing native plugins compatible for Editor in 0.62 ms, found 3 plugins.
Preloading 0 native plugins for Editor in 0.00 ms.
Mono: successfully reloaded assembly
- Completed reload, in  1.036 seconds
Platform modules already initialized, skipping
Refreshing native plugins compatible for Editor in 0.49 ms, found 3 plugins.
Preloading 0 native plugins for Editor in 0.00 ms.
Unloading 2393 Unused Serialized files (Serialized files now loaded: 0)
System memory in use before: 107.4 MB.
System memory in use after: 107.5 MB.

Unloading 20 unused Assets to reduce memory usage. Loaded Objects now: 2868.
Total: 2.406500 ms (FindLiveObjects: 0.205300 ms CreateObjectMapping: 0.095200 ms MarkObjects: 2.027400 ms  DeleteObjects: 0.077900 ms)

