Using pre-set license
Built from '2020.3/staging' branch; Version is '2020.3.11f1 (99c7afb366b3) revision 10078127'; Using compiler version '192528614'; Build Type 'Release'
OS: 'Windows 10 Home; OS build 19043.1110; Version 2009; 64bit' Language: 'en' Physical Memory: 16234 MB
BatchMode: 1, IsHumanControllingUs: 0, StartBugReporterOnCrash: 0, Is64bit: 1, IsPro: 0

 COMMAND LINE ARGUMENTS:
C:\Program Files\Unity\Hub\Editor\2020.3.11f1\Editor\Unity.exe
-adb2
-batchMode
-noUpm
-name
AssetImportWorker0
-projectPath
C:/Users/anipa/Documents/Unity Projects/2DShooter
-logFile
Logs/AssetImportWorker0.log
-srvPort
14007
Successfully changed project path to: C:/Users/anipa/Documents/Unity Projects/2DShooter
C:/Users/anipa/Documents/Unity Projects/2DShooter
Using Asset Import Pipeline V2.
Refreshing native plugins compatible for Editor in 42.99 ms, found 3 plugins.
Preloading 0 native plugins for Editor in 0.00 ms.
Initialize engine version: 2020.3.11f1 (99c7afb366b3)
[Subsystems] Discovering subsystems at path C:/Program Files/Unity/Hub/Editor/2020.3.11f1/Editor/Data/Resources/UnitySubsystems
[Subsystems] Discovering subsystems at path C:/Users/anipa/Documents/Unity Projects/2DShooter/Assets
GfxDevice: creating device client; threaded=0
Direct3D:
    Version:  Direct3D 11.0 [level 11.1]
    Renderer: NVIDIA GeForce GTX 1650 (ID=0x1f91)
    Vendor:   
    VRAM:     3962 MB
    Driver:   27.21.14.6089
Initialize mono
Mono path[0] = 'C:/Program Files/Unity/Hub/Editor/2020.3.11f1/Editor/Data/Managed'
Mono path[1] = 'C:/Program Files/Unity/Hub/Editor/2020.3.11f1/Editor/Data/MonoBleedingEdge/lib/mono/unityjit'
Mono config path = 'C:/Program Files/Unity/Hub/Editor/2020.3.11f1/Editor/Data/MonoBleedingEdge/etc'
Using monoOptions --debugger-agent=transport=dt_socket,embedding=1,server=y,suspend=n,address=127.0.0.1:56512
Begin MonoManager ReloadAssembly
Registering precompiled unity dll's ...
Register platform support module: C:/Program Files/Unity/Hub/Editor/2020.3.11f1/Editor/Data/PlaybackEngines/WebGLSupport/UnityEditor.WebGL.Extensions.dll
Register platform support module: C:/Program Files/Unity/Hub/Editor/2020.3.11f1/Editor/Data/PlaybackEngines/MacStandaloneSupport/UnityEditor.OSXStandalone.Extensions.dll
Register platform support module: C:/Program Files/Unity/Hub/Editor/2020.3.11f1/Editor/Data/PlaybackEngines/WindowsStandaloneSupport/UnityEditor.WindowsStandalone.Extensions.dll
Registered in 0.002726 seconds.
Native extension for WindowsStandalone target not found
Native extension for OSXStandalone target not found
Native extension for WebGL target not found
Refreshing native plugins compatible for Editor in 52.75 ms, found 3 plugins.
Preloading 0 native plugins for Editor in 0.00 ms.
Mono: successfully reloaded assembly
- Completed reload, in  1.051 seconds
Platform modules already initialized, skipping
Registering precompiled user dll's ...
Registered in 0.004434 seconds.
Begin MonoManager ReloadAssembly
Native extension for WindowsStandalone target not found
Native extension for OSXStandalone target not found
Native extension for WebGL target not found
Refreshing native plugins compatible for Editor in 52.93 ms, found 3 plugins.
Preloading 0 native plugins for Editor in 0.00 ms.
Mono: successfully reloaded assembly
- Completed reload, in  1.109 seconds
Platform modules already initialized, skipping
========================================================================
Worker process is ready to serve import requests
Launched and connected shader compiler UnityShaderCompiler.exe after 0.04 seconds
Refreshing native plugins compatible for Editor in 0.44 ms, found 3 plugins.
Preloading 0 native plugins for Editor in 0.00 ms.
Unloading 2399 Unused Serialized files (Serialized files now loaded: 0)
System memory in use before: 103.9 MB.
System memory in use after: 104.0 MB.

Unloading 35 unused Assets to reduce memory usage. Loaded Objects now: 2834.
Total: 2.374800 ms (FindLiveObjects: 0.209600 ms CreateObjectMapping: 0.079200 ms MarkObjects: 1.977400 ms  DeleteObjects: 0.108000 ms)

========================================================================
Received Import Request.
  path: Assets/Scenes
  artifactKey: Guid(c671a12c25a7e674b852e349b13084bd) Importer(815301076,1909f56bfc062723c751e8b465ee728b)
Start importing Assets/Scenes using Guid(c671a12c25a7e674b852e349b13084bd) Importer(815301076,1909f56bfc062723c751e8b465ee728b)  -> (artifact id: '3afd6d60061f033e14105ef2284080a3') in 0.004929 seconds
  Import took 0.007838 seconds .

========================================================================
Received Import Request.
  Time since last request: 12.155782 seconds.
  path: Assets/Scenes/Level 1.unity
  artifactKey: Guid(708b90c9fce446d42a8bc2e3be429585) Importer(815301076,1909f56bfc062723c751e8b465ee728b)
Start importing Assets/Scenes/Level 1.unity using Guid(708b90c9fce446d42a8bc2e3be429585) Importer(815301076,1909f56bfc062723c751e8b465ee728b)  -> (artifact id: '2b273b8e05158ac74b2b94a9e27cf8e6') in 0.011375 seconds
  Import took 0.015608 seconds .

========================================================================
Received Import Request.
  Time since last request: 32.475876 seconds.
  path: Assets/Scenes/SampleScene.unity
  artifactKey: Guid(2cda990e2423bbf4892e6590ba056729) Importer(815301076,1909f56bfc062723c751e8b465ee728b)
Start importing Assets/Scenes/SampleScene.unity using Guid(2cda990e2423bbf4892e6590ba056729) Importer(815301076,1909f56bfc062723c751e8b465ee728b)  -> (artifact id: 'aa27944bdea339c97c39027c7eea529c') in 0.001799 seconds
  Import took 0.004887 seconds .

========================================================================
Received Import Request.
  Time since last request: 89.714898 seconds.
  path: Assets/Art/Player/Player Sprites.png
  artifactKey: Guid(189ba7a3517573748bac900893e11acf) Importer(815301076,1909f56bfc062723c751e8b465ee728b)
Start importing Assets/Art/Player/Player Sprites.png using Guid(189ba7a3517573748bac900893e11acf) Importer(815301076,1909f56bfc062723c751e8b465ee728b)  -> (artifact id: '7503d271586d67a898a417a962fac136') in 0.084313 seconds
  Import took 0.087810 seconds .

========================================================================
Received Import Request.
  Time since last request: 58.308531 seconds.
  path: Assets/Art/Animations/Player/Player Sprites_0.controller
  artifactKey: Guid(7376a5c215ddcf24785c9698e3ef22da) Importer(815301076,1909f56bfc062723c751e8b465ee728b)
Start importing Assets/Art/Animations/Player/Player Sprites_0.controller using Guid(7376a5c215ddcf24785c9698e3ef22da) Importer(815301076,1909f56bfc062723c751e8b465ee728b)  -> (artifact id: '3f07aac65def1ec856f22dcc82dbb7f0') in 0.005044 seconds
  Import took 0.008908 seconds .

========================================================================
Received Import Request.
  Time since last request: 6.691367 seconds.
  path: Assets/Art/Animations/Player/Player.controller
  artifactKey: Guid(7376a5c215ddcf24785c9698e3ef22da) Importer(815301076,1909f56bfc062723c751e8b465ee728b)
Start importing Assets/Art/Animations/Player/Player.controller using Guid(7376a5c215ddcf24785c9698e3ef22da) Importer(815301076,1909f56bfc062723c751e8b465ee728b)  -> (artifact id: '77988bdcf2ce2858ee2e75fdc5b3621e') in 0.003568 seconds
  Import took 0.007184 seconds .

========================================================================
Received Prepare
Registering precompiled user dll's ...
Registered in 0.004736 seconds.
Begin MonoManager ReloadAssembly
Native extension for WindowsStandalone target not found
Native extension for OSXStandalone target not found
Native extension for WebGL target not found
Refreshing native plugins compatible for Editor in 0.45 ms, found 3 plugins.
Preloading 0 native plugins for Editor in 0.00 ms.
Mono: successfully reloaded assembly
- Completed reload, in  1.090 seconds
Platform modules already initialized, skipping
Refreshing native plugins compatible for Editor in 0.44 ms, found 3 plugins.
Preloading 0 native plugins for Editor in 0.00 ms.
Unloading 2394 Unused Serialized files (Serialized files now loaded: 0)
System memory in use before: 107.1 MB.
System memory in use after: 107.2 MB.

Unloading 21 unused Assets to reduce memory usage. Loaded Objects now: 2845.
Total: 2.552300 ms (FindLiveObjects: 0.190600 ms CreateObjectMapping: 0.087200 ms MarkObjects: 2.073300 ms  DeleteObjects: 0.200200 ms)

========================================================================
Received Import Request.
  Time since last request: 23205.626349 seconds.
  path: Assets/Scripts
  artifactKey: Guid(020012e1a098c31488167bd98827db0a) Importer(815301076,1909f56bfc062723c751e8b465ee728b)
Start importing Assets/Scripts using Guid(020012e1a098c31488167bd98827db0a) Importer(815301076,1909f56bfc062723c751e8b465ee728b)  -> (artifact id: '6cacd0b53881c9db681dac8fcc86ebe7') in 0.005188 seconds
  Import took 0.010241 seconds .

========================================================================
Received Import Request.
  Time since last request: 3.126338 seconds.
  path: Assets/Scripts/Player
  artifactKey: Guid(29c3c190ee841b5479ca36f4f5dce5bb) Importer(815301076,1909f56bfc062723c751e8b465ee728b)
Start importing Assets/Scripts/Player using Guid(29c3c190ee841b5479ca36f4f5dce5bb) Importer(815301076,1909f56bfc062723c751e8b465ee728b)  -> (artifact id: 'd32d602699b325ea8127f030cd52484e') in 0.001517 seconds
  Import took 0.005006 seconds .

========================================================================
Received Prepare
Registering precompiled user dll's ...
Registered in 0.004198 seconds.
Begin MonoManager ReloadAssembly
Native extension for WindowsStandalone target not found
Native extension for OSXStandalone target not found
Native extension for WebGL target not found
Refreshing native plugins compatible for Editor in 0.45 ms, found 3 plugins.
Preloading 0 native plugins for Editor in 0.00 ms.
Mono: successfully reloaded assembly
- Completed reload, in  0.980 seconds
Platform modules already initialized, skipping
Refreshing native plugins compatible for Editor in 0.48 ms, found 3 plugins.
Preloading 0 native plugins for Editor in 0.00 ms.
Unloading 2394 Unused Serialized files (Serialized files now loaded: 0)
System memory in use before: 107.1 MB.
System memory in use after: 107.2 MB.

Unloading 21 unused Assets to reduce memory usage. Loaded Objects now: 2849.
Total: 2.332200 ms (FindLiveObjects: 0.194700 ms CreateObjectMapping: 0.092000 ms MarkObjects: 1.955500 ms  DeleteObjects: 0.089400 ms)

========================================================================
Received Import Request.
  Time since last request: 254.328530 seconds.
  path: Assets/Prefabs/Input/InputManager.prefab
  artifactKey: Guid(ee0a8098c96767f46bc89ba62f91f2ae) Importer(815301076,1909f56bfc062723c751e8b465ee728b)
Start importing Assets/Prefabs/Input/InputManager.prefab using Guid(ee0a8098c96767f46bc89ba62f91f2ae) Importer(815301076,1909f56bfc062723c751e8b465ee728b)  -> (artifact id: '5ab8404ab9ba05ca9a844b09199aad1a') in 0.038839 seconds
  Import took 0.042350 seconds .

========================================================================
Received Import Request.
  Time since last request: 0.019207 seconds.
  path: Assets/Prefabs/Input/InputManager.prefab
  artifactKey: Guid(ee0a8098c96767f46bc89ba62f91f2ae) Importer(815301076,1909f56bfc062723c751e8b465ee728b)
Start importing Assets/Prefabs/Input/InputManager.prefab using Guid(ee0a8098c96767f46bc89ba62f91f2ae) Importer(815301076,1909f56bfc062723c751e8b465ee728b)  -> (artifact id: '5ab8404ab9ba05ca9a844b09199aad1a') in 0.003482 seconds
  Import took 0.006831 seconds .

========================================================================
Received Prepare
Registering precompiled user dll's ...
Registered in 0.004210 seconds.
Begin MonoManager ReloadAssembly
Native extension for WindowsStandalone target not found
Native extension for OSXStandalone target not found
Native extension for WebGL target not found
Refreshing native plugins compatible for Editor in 0.45 ms, found 3 plugins.
Preloading 0 native plugins for Editor in 0.00 ms.
Mono: successfully reloaded assembly
- Completed reload, in  0.951 seconds
Platform modules already initialized, skipping
Refreshing native plugins compatible for Editor in 0.44 ms, found 3 plugins.
Preloading 0 native plugins for Editor in 0.00 ms.
Unloading 2394 Unused Serialized files (Serialized files now loaded: 0)
System memory in use before: 107.2 MB.
System memory in use after: 107.3 MB.

Unloading 21 unused Assets to reduce memory usage. Loaded Objects now: 2853.
Total: 2.150900 ms (FindLiveObjects: 0.187500 ms CreateObjectMapping: 0.084400 ms MarkObjects: 1.791300 ms  DeleteObjects: 0.086700 ms)

========================================================================
Received Import Request.
  Time since last request: 499.505932 seconds.
  path: Assets/Prefabs/Enemies/IndividualEnemies
  artifactKey: Guid(ba3d67401d7b1064c9bb613399a02192) Importer(815301076,1909f56bfc062723c751e8b465ee728b)
Start importing Assets/Prefabs/Enemies/IndividualEnemies using Guid(ba3d67401d7b1064c9bb613399a02192) Importer(815301076,1909f56bfc062723c751e8b465ee728b)  -> (artifact id: '5e3982de7124e825d33c8148ac786cd0') in 0.006764 seconds
  Import took 0.011593 seconds .

========================================================================
Received Prepare
Registering precompiled user dll's ...
Registered in 0.004294 seconds.
Begin MonoManager ReloadAssembly
Native extension for WindowsStandalone target not found
Native extension for OSXStandalone target not found
Native extension for WebGL target not found
Refreshing native plugins compatible for Editor in 0.45 ms, found 3 plugins.
Preloading 0 native plugins for Editor in 0.00 ms.
Mono: successfully reloaded assembly
- Completed reload, in  0.930 seconds
Platform modules already initialized, skipping
Refreshing native plugins compatible for Editor in 0.44 ms, found 3 plugins.
Preloading 0 native plugins for Editor in 0.00 ms.
Unloading 2394 Unused Serialized files (Serialized files now loaded: 0)
System memory in use before: 107.3 MB.
System memory in use after: 107.3 MB.

Unloading 21 unused Assets to reduce memory usage. Loaded Objects now: 2857.
Total: 2.168700 ms (FindLiveObjects: 0.193500 ms CreateObjectMapping: 0.091900 ms MarkObjects: 1.797200 ms  DeleteObjects: 0.085300 ms)

========================================================================
Received Prepare
Registering precompiled user dll's ...
Registered in 0.004046 seconds.
Begin MonoManager ReloadAssembly
Native extension for WindowsStandalone target not found
Native extension for OSXStandalone target not found
Native extension for WebGL target not found
Refreshing native plugins compatible for Editor in 0.45 ms, found 3 plugins.
Preloading 0 native plugins for Editor in 0.00 ms.
Mono: successfully reloaded assembly
- Completed reload, in  0.950 seconds
Platform modules already initialized, skipping
Refreshing native plugins compatible for Editor in 0.50 ms, found 3 plugins.
Preloading 0 native plugins for Editor in 0.00 ms.
Unloading 2394 Unused Serialized files (Serialized files now loaded: 0)
System memory in use before: 107.2 MB.
System memory in use after: 107.3 MB.

Unloading 21 unused Assets to reduce memory usage. Loaded Objects now: 2861.
Total: 2.167300 ms (FindLiveObjects: 0.180300 ms CreateObjectMapping: 0.080600 ms MarkObjects: 1.818400 ms  DeleteObjects: 0.087400 ms)

========================================================================
Received Prepare
Registering precompiled user dll's ...
Registered in 0.003969 seconds.
Begin MonoManager ReloadAssembly
Native extension for WindowsStandalone target not found
Native extension for OSXStandalone target not found
Native extension for WebGL target not found
Refreshing native plugins compatible for Editor in 0.44 ms, found 3 plugins.
Preloading 0 native plugins for Editor in 0.00 ms.
Mono: successfully reloaded assembly
- Completed reload, in  0.914 seconds
Platform modules already initialized, skipping
Refreshing native plugins compatible for Editor in 2.26 ms, found 3 plugins.
Preloading 0 native plugins for Editor in 0.00 ms.
Unloading 2394 Unused Serialized files (Serialized files now loaded: 0)
System memory in use before: 107.3 MB.
System memory in use after: 107.4 MB.

Unloading 21 unused Assets to reduce memory usage. Loaded Objects now: 2865.
Total: 2.199500 ms (FindLiveObjects: 0.175800 ms CreateObjectMapping: 0.074600 ms MarkObjects: 1.861200 ms  DeleteObjects: 0.086900 ms)

========================================================================
Received Import Request.
  Time since last request: 1657.095459 seconds.
  path: Assets/Prefabs/Effects/Player/PlayerFireEffect.prefab
  artifactKey: Guid(38902d383f9afd74c8be18262e4555ad) Importer(815301076,1909f56bfc062723c751e8b465ee728b)
Start importing Assets/Prefabs/Effects/Player/PlayerFireEffect.prefab using Guid(38902d383f9afd74c8be18262e4555ad) Importer(815301076,1909f56bfc062723c751e8b465ee728b)  -> (artifact id: '8ccd4e2b75a20ba5b5d1b48246dd16b0') in 0.027478 seconds
  Import took 0.031675 seconds .

========================================================================
Received Import Request.
  Time since last request: 0.002828 seconds.
  path: Assets/Prefabs/Effects/Player/PlayerFireEffect.prefab
  artifactKey: Guid(38902d383f9afd74c8be18262e4555ad) Importer(815301076,1909f56bfc062723c751e8b465ee728b)
Start importing Assets/Prefabs/Effects/Player/PlayerFireEffect.prefab using Guid(38902d383f9afd74c8be18262e4555ad) Importer(815301076,1909f56bfc062723c751e8b465ee728b)  -> (artifact id: '8ccd4e2b75a20ba5b5d1b48246dd16b0') in 0.002588 seconds
  Import took 0.005702 seconds .

========================================================================
Received Prepare
Registering precompiled user dll's ...
Registered in 0.004153 seconds.
Begin MonoManager ReloadAssembly
Native extension for WindowsStandalone target not found
Native extension for OSXStandalone target not found
Native extension for WebGL target not found
Refreshing native plugins compatible for Editor in 0.46 ms, found 3 plugins.
Preloading 0 native plugins for Editor in 0.00 ms.
Mono: successfully reloaded assembly
- Completed reload, in  0.956 seconds
Platform modules already initialized, skipping
Refreshing native plugins compatible for Editor in 0.43 ms, found 3 plugins.
Preloading 0 native plugins for Editor in 0.00 ms.
Unloading 2394 Unused Serialized files (Serialized files now loaded: 0)
System memory in use before: 107.3 MB.
System memory in use after: 107.4 MB.

Unloading 21 unused Assets to reduce memory usage. Loaded Objects now: 2869.
Total: 2.180600 ms (FindLiveObjects: 0.191300 ms CreateObjectMapping: 0.091100 ms MarkObjects: 1.761800 ms  DeleteObjects: 0.135700 ms)

========================================================================
Received Import Request.
  Time since last request: 106.520426 seconds.
  path: Assets/Prefabs/Management
  artifactKey: Guid(ab52c35fbaffd3c448db0d91ebd4e37c) Importer(815301076,1909f56bfc062723c751e8b465ee728b)
Start importing Assets/Prefabs/Management using Guid(ab52c35fbaffd3c448db0d91ebd4e37c) Importer(815301076,1909f56bfc062723c751e8b465ee728b)  -> (artifact id: '287714f071eb5e1a30adc7fd20769eac') in 0.004673 seconds
  Import took 0.008501 seconds .

========================================================================
Received Import Request.
  Time since last request: 0.000605 seconds.
  path: Assets/Prefabs/Management
  artifactKey: Guid(ab52c35fbaffd3c448db0d91ebd4e37c) Importer(815301076,1909f56bfc062723c751e8b465ee728b)
Start importing Assets/Prefabs/Management using Guid(ab52c35fbaffd3c448db0d91ebd4e37c) Importer(815301076,1909f56bfc062723c751e8b465ee728b)  -> (artifact id: '287714f071eb5e1a30adc7fd20769eac') in 0.001450 seconds
  Import took 0.004716 seconds .

========================================================================
Received Import Request.
  Time since last request: 34.421865 seconds.
  path: Assets/Prefabs
  artifactKey: Guid(4f74f42a2cd0f434ca9b9b14d9d623ad) Importer(815301076,1909f56bfc062723c751e8b465ee728b)
Start importing Assets/Prefabs using Guid(4f74f42a2cd0f434ca9b9b14d9d623ad) Importer(815301076,1909f56bfc062723c751e8b465ee728b)  -> (artifact id: '505506b79e461354ac5f5dfb6f566ba2') in 0.001491 seconds
  Import took 0.005035 seconds .

========================================================================
Received Import Request.
  Time since last request: 5.984991 seconds.
  path: Assets/Prefabs/Player
  artifactKey: Guid(3bb8d76201c4ca14f8ee970d13a40d5c) Importer(815301076,1909f56bfc062723c751e8b465ee728b)
Start importing Assets/Prefabs/Player using Guid(3bb8d76201c4ca14f8ee970d13a40d5c) Importer(815301076,1909f56bfc062723c751e8b465ee728b)  -> (artifact id: '8d3e08bce1fa52690337bbf70a07651c') in 0.001513 seconds
  Import took 0.005664 seconds .

========================================================================
Received Import Request.
  Time since last request: 2.997336 seconds.
  path: Assets/Prefabs/Player/Player.prefab
  artifactKey: Guid(a7e1c4ca154683d4390afd2de21b5a87) Importer(815301076,1909f56bfc062723c751e8b465ee728b)
Start importing Assets/Prefabs/Player/Player.prefab using Guid(a7e1c4ca154683d4390afd2de21b5a87) Importer(815301076,1909f56bfc062723c751e8b465ee728b)  -> (artifact id: '82b464bbc7b01eceeda0727e42e286f0') in 0.080717 seconds
  Import took 0.084573 seconds .

========================================================================
Received Import Request.
  Time since last request: 20624.869015 seconds.
  path: Assets/Prefabs/Camera/Main Camera.prefab
  artifactKey: Guid(df64f8b40ff810648be3b056f8da7e4b) Importer(815301076,1909f56bfc062723c751e8b465ee728b)
Start importing Assets/Prefabs/Camera/Main Camera.prefab using Guid(df64f8b40ff810648be3b056f8da7e4b) Importer(815301076,1909f56bfc062723c751e8b465ee728b)  -> (artifact id: '6d4a5618b01e70bf689008ad912c1c9b') in 0.072314 seconds
  Import took 0.142332 seconds .

========================================================================
Received Import Request.
  Time since last request: 7.189343 seconds.
  path: Assets/Prefabs/Camera/Main Camera.prefab
  artifactKey: Guid(df64f8b40ff810648be3b056f8da7e4b) Importer(815301076,1909f56bfc062723c751e8b465ee728b)
Start importing Assets/Prefabs/Camera/Main Camera.prefab using Guid(df64f8b40ff810648be3b056f8da7e4b) Importer(815301076,1909f56bfc062723c751e8b465ee728b)  -> (artifact id: 'f0bf336aaf004b78995811898984514f') in 0.002877 seconds
  Import took 0.006146 seconds .

========================================================================
Received Import Request.
  Time since last request: 15.329349 seconds.
  path: Assets/Prefabs/Camera/Large Camera.prefab
  artifactKey: Guid(0df0a56820a2a1741a2bb28560e06d8d) Importer(815301076,1909f56bfc062723c751e8b465ee728b)
Start importing Assets/Prefabs/Camera/Large Camera.prefab using Guid(0df0a56820a2a1741a2bb28560e06d8d) Importer(815301076,1909f56bfc062723c751e8b465ee728b)  -> (artifact id: '6268121be5f01f164d62ed67322e96fa') in 0.003051 seconds
  Import took 0.006653 seconds .

========================================================================
Received Import Request.
  Time since last request: 10.557543 seconds.
  path: Assets/Prefabs/Camera/Small Camera.prefab
  artifactKey: Guid(df64f8b40ff810648be3b056f8da7e4b) Importer(815301076,1909f56bfc062723c751e8b465ee728b)
Start importing Assets/Prefabs/Camera/Small Camera.prefab using Guid(df64f8b40ff810648be3b056f8da7e4b) Importer(815301076,1909f56bfc062723c751e8b465ee728b)  -> (artifact id: 'b0d235880a4efa6ed393c5de9e38f04e') in 0.003698 seconds
  Import took 0.007344 seconds .

========================================================================
Received Prepare
Registering precompiled user dll's ...
Registered in 0.004581 seconds.
Begin MonoManager ReloadAssembly
Native extension for WindowsStandalone target not found
Native extension for OSXStandalone target not found
Native extension for WebGL target not found
Refreshing native plugins compatible for Editor in 0.51 ms, found 3 plugins.
Preloading 0 native plugins for Editor in 0.00 ms.
Mono: successfully reloaded assembly
- Completed reload, in  1.073 seconds
Platform modules already initialized, skipping
Refreshing native plugins compatible for Editor in 0.44 ms, found 3 plugins.
Preloading 0 native plugins for Editor in 0.00 ms.
Unloading 2394 Unused Serialized files (Serialized files now loaded: 0)
System memory in use before: 107.4 MB.
System memory in use after: 107.5 MB.

Unloading 21 unused Assets to reduce memory usage. Loaded Objects now: 2878.
Total: 2.712700 ms (FindLiveObjects: 0.258600 ms CreateObjectMapping: 0.098100 ms MarkObjects: 2.225000 ms  DeleteObjects: 0.130200 ms)

========================================================================
Received Import Request.
  Time since last request: 356.195916 seconds.
  path: Assets/Art
  artifactKey: Guid(8a86af95ad06c204d94ef8448cefb839) Importer(815301076,1909f56bfc062723c751e8b465ee728b)
Start importing Assets/Art using Guid(8a86af95ad06c204d94ef8448cefb839) Importer(815301076,1909f56bfc062723c751e8b465ee728b)  -> (artifact id: 'cd50155557159f55813804fb1b9f55ff') in 0.004357 seconds
  Import took 0.007800 seconds .

========================================================================
Received Import Request.
  Time since last request: 0.005478 seconds.
  path: Assets/Art
  artifactKey: Guid(8a86af95ad06c204d94ef8448cefb839) Importer(815301076,1909f56bfc062723c751e8b465ee728b)
Start importing Assets/Art using Guid(8a86af95ad06c204d94ef8448cefb839) Importer(815301076,1909f56bfc062723c751e8b465ee728b)  -> (artifact id: 'cd50155557159f55813804fb1b9f55ff') in 0.001497 seconds
  Import took 0.004868 seconds .

========================================================================
Received Import Request.
  Time since last request: 2.008970 seconds.
  path: Assets/Art/Environment
  artifactKey: Guid(c75d85b5d56e6644cbd9f362080bdaf4) Importer(815301076,1909f56bfc062723c751e8b465ee728b)
Start importing Assets/Art/Environment using Guid(c75d85b5d56e6644cbd9f362080bdaf4) Importer(815301076,1909f56bfc062723c751e8b465ee728b)  -> (artifact id: '2acd7d3b613fd21d741e977db0cd0c69') in 0.001745 seconds
  Import took 0.005618 seconds .

========================================================================
Received Import Request.
  Time since last request: 3.633902 seconds.
  path: Assets/Art/Environment/Background/A_CompleteSpaceBackground.png
  artifactKey: Guid(bef27f2a0099c6c46909640d0115b1e5) Importer(815301076,1909f56bfc062723c751e8b465ee728b)
Start importing Assets/Art/Environment/Background/A_CompleteSpaceBackground.png using Guid(bef27f2a0099c6c46909640d0115b1e5) Importer(815301076,1909f56bfc062723c751e8b465ee728b)  -> (artifact id: '6bf1ba5d0d9f698d271a182b51a338bf') in 0.060039 seconds
  Import took 0.063328 seconds .

========================================================================
Received Import Request.
  Time since last request: 0.001123 seconds.
  path: Assets/Art/Environment/Background/A_CompleteSpaceBackground.png
  artifactKey: Guid(bef27f2a0099c6c46909640d0115b1e5) Importer(815301076,1909f56bfc062723c751e8b465ee728b)
Start importing Assets/Art/Environment/Background/A_CompleteSpaceBackground.png using Guid(bef27f2a0099c6c46909640d0115b1e5) Importer(815301076,1909f56bfc062723c751e8b465ee728b)  -> (artifact id: '6bf1ba5d0d9f698d271a182b51a338bf') in 0.021496 seconds
  Import took 0.024610 seconds .

========================================================================
Received Import Request.
  Time since last request: 4.987852 seconds.
  path: Assets/Art/Environment/Background/B_CompleteSpaceBackground.png
  artifactKey: Guid(670b9d84f6f86e74a8359716542dbc0b) Importer(815301076,1909f56bfc062723c751e8b465ee728b)
Start importing Assets/Art/Environment/Background/B_CompleteSpaceBackground.png using Guid(670b9d84f6f86e74a8359716542dbc0b) Importer(815301076,1909f56bfc062723c751e8b465ee728b)  -> (artifact id: 'a4af82a982ee21efcbf59c75f2dc1ed1') in 0.008587 seconds
  Import took 0.012478 seconds .

========================================================================
Received Import Request.
  Time since last request: 0.906242 seconds.
  path: Assets/Art/Environment/Background/C_CompleteSpaceBackground.png
  artifactKey: Guid(fef74fd6848227d4cb2c7dc988158669) Importer(815301076,1909f56bfc062723c751e8b465ee728b)
Start importing Assets/Art/Environment/Background/C_CompleteSpaceBackground.png using Guid(fef74fd6848227d4cb2c7dc988158669) Importer(815301076,1909f56bfc062723c751e8b465ee728b)  -> (artifact id: '34902233b0532ad473dbca73552900e9') in 0.006496 seconds
  Import took 0.010155 seconds .

========================================================================
Received Import Request.
  Time since last request: 0.872786 seconds.
  path: Assets/Art/Environment/Background/D_CompleteSpaceBackground.png
  artifactKey: Guid(83a6485a1f622b84698ed5c290185857) Importer(815301076,1909f56bfc062723c751e8b465ee728b)
Start importing Assets/Art/Environment/Background/D_CompleteSpaceBackground.png using Guid(83a6485a1f622b84698ed5c290185857) Importer(815301076,1909f56bfc062723c751e8b465ee728b)  -> (artifact id: '88f51b4e47fffe97978efe5002021841') in 0.006134 seconds
  Import took 0.009684 seconds .

========================================================================
Received Import Request.
  Time since last request: 30.976781 seconds.
  path: ProjectSettings/TagManager.asset
  artifactKey: Guid(00000000000000003000000000000000) Importer(815301076,1909f56bfc062723c751e8b465ee728b)
Start importing ProjectSettings/TagManager.asset using Guid(00000000000000003000000000000000) Importer(815301076,1909f56bfc062723c751e8b465ee728b)  -> (artifact id: '95df672b4aaba54310d34c83eef51bb8') in 0.005153 seconds
  Import took 0.008371 seconds .

